<?xml version="1.0" encoding="UTF-8"?>
<testsuite name="domini.distributions.TestGraphAdjMatrix" tests="4" skipped="0" failures="0" errors="0" timestamp="2024-12-23T16:38:57" hostname="OTMAN" time="0.003">
  <properties/>
  <testcase name="testAddEdge" classname="domini.distributions.TestGraphAdjMatrix" time="0.001"/>
  <testcase name="testCalcularPesoCiclo" classname="domini.distributions.TestGraphAdjMatrix" time="0.001"/>
  <testcase name="testCalcularCicloHamiltonianoMaximo" classname="domini.distributions.TestGraphAdjMatrix" time="0.0"/>
  <testcase name="testGetMax" classname="domini.distributions.TestGraphAdjMatrix" time="0.0"/>
  <system-out><![CDATA[]]></system-out>
  <system-err><![CDATA[]]></system-err>
</testsuite>
