<?xml version="1.0" encoding="UTF-8"?>
<testsuite name="domini.models.testsCategoria" tests="6" skipped="0" failures="0" errors="0" timestamp="2024-12-23T16:38:57" hostname="OTMAN" time="0.002">
  <properties/>
  <testcase name="testIncrementarNumProducte_DefaultConstructer" classname="domini.models.testsCategoria" time="0.0"/>
  <testcase name="testDecrementarNumProducte_FromZero" classname="domini.models.testsCategoria" time="0.001"/>
  <testcase name="testIncrementarNumProducte_ParameterizedConstructer" classname="domini.models.testsCategoria" time="0.0"/>
  <testcase name="testDecrementarNumProducte_FromOne" classname="domini.models.testsCategoria" time="0.001"/>
  <testcase name="testDecrementarNumProducte_FromNonZeroNumber" classname="domini.models.testsCategoria" time="0.0"/>
  <testcase name="testIncrementarNumProducte_MultipleIncrement" classname="domini.models.testsCategoria" time="0.0"/>
  <system-out><![CDATA[]]></system-out>
  <system-err><![CDATA[]]></system-err>
</testsuite>
