<?xml version="1.0" encoding="UTF-8"?>
<testsuite name="domini.distributions.TestDistributionAprox" tests="6" skipped="0" failures="0" errors="0" timestamp="2024-12-23T16:38:57" hostname="OTMAN" time="0.008">
  <properties/>
  <testcase name="testCalcularDistID" classname="domini.distributions.TestDistributionAprox" time="0.004"/>
  <testcase name="testCalcularDistSenseProductes" classname="domini.distributions.TestDistributionAprox" time="0.0"/>
  <testcase name="testCalcularDistDuesPrestatgeries" classname="domini.distributions.TestDistributionAprox" time="0.001"/>
  <testcase name="testCalcularDistNom" classname="domini.distributions.TestDistributionAprox" time="0.0"/>
  <testcase name="testCalcularDistSenseSimilituds" classname="domini.distributions.TestDistributionAprox" time="0.001"/>
  <testcase name="testCalcularDistSensePrestatgeries" classname="domini.distributions.TestDistributionAprox" time="0.001"/>
  <system-out><![CDATA[]]></system-out>
  <system-err><![CDATA[]]></system-err>
</testsuite>
