<?xml version="1.0" encoding="UTF-8"?>
<testsuite name="domini.models.ProducteTest" tests="5" skipped="0" failures="0" errors="0" timestamp="2024-12-23T16:38:57" hostname="OTMAN" time="0.002">
  <properties/>
  <testcase name="testAfegirSimilitudThrowsException" classname="domini.models.ProducteTest" time="0.001"/>
  <testcase name="testEliminarSimilitud" classname="domini.models.ProducteTest" time="0.0"/>
  <testcase name="testExisteixSimilitud" classname="domini.models.ProducteTest" time="0.0"/>
  <testcase name="testAfegirSimilitud" classname="domini.models.ProducteTest" time="0.0"/>
  <testcase name="testEliminarSimilitudThrowsException" classname="domini.models.ProducteTest" time="0.0"/>
  <system-out><![CDATA[]]></system-out>
  <system-err><![CDATA[]]></system-err>
</testsuite>
