<?xml version="1.0" encoding="UTF-8"?>
<testsuite name="domini.distributions.TestDistribucioBruta" tests="5" skipped="0" failures="0" errors="0" timestamp="2024-12-23T16:38:57" hostname="OTMAN" time="0.007">
  <properties/>
  <testcase name="testCasNormalCalcDist" classname="domini.distributions.TestDistribucioBruta" time="0.002"/>
  <testcase name="testImprimirCasoExtremoSimilitudCero" classname="domini.distributions.TestDistribucioBruta" time="0.001"/>
  <testcase name="testCalcularDistSenseProductes" classname="domini.distributions.TestDistribucioBruta" time="0.001"/>
  <testcase name="testCalcularDistDuesPrestatgeries" classname="domini.distributions.TestDistribucioBruta" time="0.001"/>
  <testcase name="testCalcularDistSensePrestatgeries" classname="domini.distributions.TestDistribucioBruta" time="0.001"/>
  <system-out><![CDATA[]]></system-out>
  <system-err><![CDATA[]]></system-err>
</testsuite>
